<?xml version="1.0" encoding="UTF-8"?>
<!-- Generated by org.testng.reporters.JUnitReportReporter -->
<testsuite hostname="Nirvana" failures="0" tests="2" name="com.hexaware.da.test_04_errorMessageForIncorrectValues" time="45.240" errors="0" timestamp="2022-02-14T16:22:38 CST" skipped="0">
  <testcase classname="com.hexaware.da.test_04_errorMessageForIncorrectValues" name="errorMsgForIncorrectValues" time="30.711"/>
  <system-out/>
  <testcase classname="com.hexaware.da.test_04_errorMessageForIncorrectValues" name="errorMsgForIncorrectValues" time="14.529"/>
  <system-out/>
</testsuite> <!-- com.hexaware.da.test_04_errorMessageForIncorrectValues -->
