<?xml version="1.0" encoding="UTF-8"?>
<!-- Generated by org.testng.reporters.JUnitReportReporter -->
<testsuite hostname="Nirvana" failures="0" tests="1" name="com.hexaware.da.test_08_verifyTotalPrice" time="26.213" errors="0" timestamp="2022-02-14T16:22:38 CST" skipped="0">
  <testcase classname="com.hexaware.da.test_08_verifyTotalPrice" name="verifyTotalPrice" time="26.213"/>
  <system-out/>
</testsuite> <!-- com.hexaware.da.test_08_verifyTotalPrice -->
